2026-02-10 21:54:46 [main] ERROR BaseClass - Text comparison failed. Expected: 'Invalid credentials1', Actual: 'Invalid credentials'
2026-02-10 23:07:46 [main] ERROR BaseClass - Text comparison failed. Expected: 'Invalid credentials1', Actual: 'Invalid credentials'
2026-02-10 23:29:37 [main] ERROR BaseClass - Unable to describe element due to error: no such element: Unable to locate element: {"method":"xpath","selector":"//input[@name='username']"}
  (Session info: chrome=144.0.7559.133)
For documentation on this error, please visit: https://www.selenium.dev/documentation/webdriver/troubleshooting/errors#nosuchelementexception
Build info: version: '4.40.0', revision: 'b3333f1'
System info: os.name: 'Windows 11', os.arch: 'amd64', os.version: '10.0', java.version: '21.0.1'
Driver info: org.openqa.selenium.chrome.ChromeDriver
Command: [7b11fff6e0bbae84b6dc9d31735b9dd4, findElement {value=//input[@name='username'], using=xpath}]
Capabilities {acceptInsecureCerts: false, browserName: chrome, browserVersion: 144.0.7559.133, chrome: {chromedriverVersion: 144.0.7559.133 (7da823b1d59..., userDataDir: C:\Users\Mahesh\AppData\Loc...}, fedcm:accounts: true, goog:chromeOptions: {debuggerAddress: localhost:57977}, goog:processID: 4848, networkConnectionEnabled: false, pageLoadStrategy: normal, platformName: windows, proxy: Proxy(), se:cdp: ws://localhost:57977/devtoo..., se:cdpVersion: 144.0.7559.133, setWindowRect: true, strictFileInteractability: false, timeouts: {implicit: 0, pageLoad: 300000, script: 30000}, unhandledPromptBehavior: dismiss and notify, webauthn:extension:credBlob: true, webauthn:extension:largeBlob: true, webauthn:extension:minPinLength: true, webauthn:extension:prf: true, webauthn:virtualAuthenticators: true}
Session ID: 7b11fff6e0bbae84b6dc9d31735b9dd4
2026-02-10 23:29:48 [main] ERROR BaseClass - Text comparison failed. Expected: 'Invalid credentials1', Actual: 'Invalid credentials'
2026-02-11 07:21:45 [TestNG-test-OrangeHRMTest-4] ERROR BaseClass - Text comparison failed. Expected: 'Invalid credentials1', Actual: 'Invalid credentials'
2026-02-11 07:28:56 [main] ERROR BaseClass - Unable to describe element due to error: no such element: Unable to locate element: {"method":"xpath","selector":"//input[@name='username']"}
  (Session info: chrome=144.0.7559.133)
For documentation on this error, please visit: https://www.selenium.dev/documentation/webdriver/troubleshooting/errors#nosuchelementexception
Build info: version: '4.40.0', revision: 'b3333f1'
System info: os.name: 'Windows 11', os.arch: 'amd64', os.version: '10.0', java.version: '21.0.1'
Driver info: org.openqa.selenium.chrome.ChromeDriver
Command: [f6157e10af74075cc07a2a2b7cdc4707, findElement {using=xpath, value=//input[@name='username']}]
Capabilities {acceptInsecureCerts: false, browserName: chrome, browserVersion: 144.0.7559.133, chrome: {chromedriverVersion: 144.0.7559.133 (7da823b1d59..., userDataDir: C:\Users\Mahesh\AppData\Loc...}, fedcm:accounts: true, goog:chromeOptions: {debuggerAddress: localhost:50672}, goog:processID: 9444, networkConnectionEnabled: false, pageLoadStrategy: normal, platformName: windows, proxy: Proxy(), se:cdp: ws://localhost:50672/devtoo..., se:cdpVersion: 144.0.7559.133, setWindowRect: true, strictFileInteractability: false, timeouts: {implicit: 0, pageLoad: 300000, script: 30000}, unhandledPromptBehavior: dismiss and notify, webauthn:extension:credBlob: true, webauthn:extension:largeBlob: true, webauthn:extension:minPinLength: true, webauthn:extension:prf: true, webauthn:virtualAuthenticators: true}
Session ID: f6157e10af74075cc07a2a2b7cdc4707
2026-02-11 07:29:09 [main] ERROR BaseClass - Text comparison failed. Expected: 'Invalid credentials1', Actual: 'Invalid credentials'
2026-02-11 07:31:35 [TestNG-test-OrangeHRMTest-5] ERROR BaseClass - Unable to describe element due to error: no such element: Unable to locate element: {"method":"xpath","selector":"//input[@name='username']"}
  (Session info: chrome=144.0.7559.133)
For documentation on this error, please visit: https://www.selenium.dev/documentation/webdriver/troubleshooting/errors#nosuchelementexception
Build info: version: '4.40.0', revision: 'b3333f1'
System info: os.name: 'Windows 11', os.arch: 'amd64', os.version: '10.0', java.version: '21.0.1'
Driver info: org.openqa.selenium.chrome.ChromeDriver
Command: [c012d8e05e9b6858aa7b616984c89c2b, findElement {using=xpath, value=//input[@name='username']}]
Capabilities {acceptInsecureCerts: false, browserName: chrome, browserVersion: 144.0.7559.133, chrome: {chromedriverVersion: 144.0.7559.133 (7da823b1d59..., userDataDir: C:\Users\Mahesh\AppData\Loc...}, fedcm:accounts: true, goog:chromeOptions: {debuggerAddress: localhost:55806}, goog:processID: 21732, networkConnectionEnabled: false, pageLoadStrategy: normal, platformName: windows, proxy: Proxy(), se:cdp: ws://localhost:55806/devtoo..., se:cdpVersion: 144.0.7559.133, setWindowRect: true, strictFileInteractability: false, timeouts: {implicit: 0, pageLoad: 300000, script: 30000}, unhandledPromptBehavior: dismiss and notify, webauthn:extension:credBlob: true, webauthn:extension:largeBlob: true, webauthn:extension:minPinLength: true, webauthn:extension:prf: true, webauthn:virtualAuthenticators: true}
Session ID: c012d8e05e9b6858aa7b616984c89c2b
2026-02-11 07:31:35 [TestNG-test-OrangeHRMTest-4] ERROR BaseClass - Unable to describe element due to error: no such element: Unable to locate element: {"method":"xpath","selector":"//input[@name='username']"}
  (Session info: chrome=144.0.7559.133)
For documentation on this error, please visit: https://www.selenium.dev/documentation/webdriver/troubleshooting/errors#nosuchelementexception
Build info: version: '4.40.0', revision: 'b3333f1'
System info: os.name: 'Windows 11', os.arch: 'amd64', os.version: '10.0', java.version: '21.0.1'
Driver info: org.openqa.selenium.chrome.ChromeDriver
Command: [7e2e0f62cf01e4120ae3e68ff0b61956, findElement {using=xpath, value=//input[@name='username']}]
Capabilities {acceptInsecureCerts: false, browserName: chrome, browserVersion: 144.0.7559.133, chrome: {chromedriverVersion: 144.0.7559.133 (7da823b1d59..., userDataDir: C:\Users\Mahesh\AppData\Loc...}, fedcm:accounts: true, goog:chromeOptions: {debuggerAddress: localhost:55808}, goog:processID: 28508, networkConnectionEnabled: false, pageLoadStrategy: normal, platformName: windows, proxy: Proxy(), se:cdp: ws://localhost:55808/devtoo..., se:cdpVersion: 144.0.7559.133, setWindowRect: true, strictFileInteractability: false, timeouts: {implicit: 0, pageLoad: 300000, script: 30000}, unhandledPromptBehavior: dismiss and notify, webauthn:extension:credBlob: true, webauthn:extension:largeBlob: true, webauthn:extension:minPinLength: true, webauthn:extension:prf: true, webauthn:virtualAuthenticators: true}
Session ID: 7e2e0f62cf01e4120ae3e68ff0b61956
2026-02-11 07:32:26 [TestNG-test-OrangeHRMTest-5] ERROR BaseClass - Element not visible: Expected condition failed: waiting for visibility of element found by By.xpath: //p[text()='Invalid credentials'], but... org.openqa.selenium.NoSuchElementException: no such element: Unable to locate element: {"method":"xpath","selector":"//p[text()='Invalid credentials']"}.
(tried for 30 seconds with 500 milliseconds interval)
Build info: version: '4.40.0', revision: 'b3333f1'
System info: os.name: 'Windows 11', os.arch: 'amd64', os.version: '10.0', java.version: '21.0.1'
Driver info: org.openqa.selenium.chrome.ChromeDriver
Capabilities {acceptInsecureCerts: false, browserName: chrome, browserVersion: 144.0.7559.133, chrome: {chromedriverVersion: 144.0.7559.133 (7da823b1d59..., userDataDir: C:\Users\Mahesh\AppData\Loc...}, fedcm:accounts: true, goog:chromeOptions: {debuggerAddress: localhost:55808}, goog:processID: 28508, networkConnectionEnabled: false, pageLoadStrategy: normal, platformName: windows, proxy: Proxy(), se:cdp: ws://localhost:55808/devtoo..., se:cdpVersion: 144.0.7559.133, setWindowRect: true, strictFileInteractability: false, timeouts: {implicit: 0, pageLoad: 300000, script: 30000}, unhandledPromptBehavior: dismiss and notify, webauthn:extension:credBlob: true, webauthn:extension:largeBlob: true, webauthn:extension:minPinLength: true, webauthn:extension:prf: true, webauthn:virtualAuthenticators: true}
Session ID: 7e2e0f62cf01e4120ae3e68ff0b61956
2026-02-11 07:32:47 [TestNG-test-OrangeHRMTest-5] ERROR BaseClass - Unable to compare text: no such element: Unable to locate element: {"method":"xpath","selector":"//p[text()='Invalid credentials']"}
  (Session info: chrome=144.0.7559.133)
For documentation on this error, please visit: https://www.selenium.dev/documentation/webdriver/troubleshooting/errors#nosuchelementexception
Build info: version: '4.40.0', revision: 'b3333f1'
System info: os.name: 'Windows 11', os.arch: 'amd64', os.version: '10.0', java.version: '21.0.1'
Driver info: org.openqa.selenium.chrome.ChromeDriver
Command: [7e2e0f62cf01e4120ae3e68ff0b61956, findElement {using=xpath, value=//p[text()='Invalid credentials']}]
Capabilities {acceptInsecureCerts: false, browserName: chrome, browserVersion: 144.0.7559.133, chrome: {chromedriverVersion: 144.0.7559.133 (7da823b1d59..., userDataDir: C:\Users\Mahesh\AppData\Loc...}, fedcm:accounts: true, goog:chromeOptions: {debuggerAddress: localhost:55808}, goog:processID: 28508, networkConnectionEnabled: false, pageLoadStrategy: normal, platformName: windows, proxy: Proxy(), se:cdp: ws://localhost:55808/devtoo..., se:cdpVersion: 144.0.7559.133, setWindowRect: true, strictFileInteractability: false, timeouts: {implicit: 0, pageLoad: 300000, script: 30000}, unhandledPromptBehavior: dismiss and notify, webauthn:extension:credBlob: true, webauthn:extension:largeBlob: true, webauthn:extension:minPinLength: true, webauthn:extension:prf: true, webauthn:virtualAuthenticators: true}
Session ID: 7e2e0f62cf01e4120ae3e68ff0b61956
2026-02-11 07:32:47 [TestNG-test-OrangeHRMTest-4] ERROR BaseClass - Element not clickable: Expected condition failed: waiting for element found by By.xpath: //a[text()='Logout'] to be clickable, but the element was not visible.
(tried for 30 seconds with 500 milliseconds interval)
Build info: version: '4.40.0', revision: 'b3333f1'
System info: os.name: 'Windows 11', os.arch: 'amd64', os.version: '10.0', java.version: '21.0.1'
Driver info: org.openqa.selenium.chrome.ChromeDriver
Capabilities {acceptInsecureCerts: false, browserName: chrome, browserVersion: 144.0.7559.133, chrome: {chromedriverVersion: 144.0.7559.133 (7da823b1d59..., userDataDir: C:\Users\Mahesh\AppData\Loc...}, fedcm:accounts: true, goog:chromeOptions: {debuggerAddress: localhost:55808}, goog:processID: 28508, networkConnectionEnabled: false, pageLoadStrategy: normal, platformName: windows, proxy: Proxy(), se:cdp: ws://localhost:55808/devtoo..., se:cdpVersion: 144.0.7559.133, setWindowRect: true, strictFileInteractability: false, timeouts: {implicit: 0, pageLoad: 300000, script: 30000}, unhandledPromptBehavior: dismiss and notify, webauthn:extension:credBlob: true, webauthn:extension:largeBlob: true, webauthn:extension:minPinLength: true, webauthn:extension:prf: true, webauthn:virtualAuthenticators: true}
Session ID: 7e2e0f62cf01e4120ae3e68ff0b61956
2026-02-11 07:35:39 [TestNG-test-OrangeHRMTest-4] ERROR BaseClass - Text comparison failed. Expected: 'Invalid credentials1', Actual: 'Invalid credentials'
